[2024-03-02 02:52:01] Error en el proceso principal
[2024-03-03 15:09:50] Error al buscar el nombre del archivo XML
[2024-03-03 15:10:10] Error al buscar el nombre del archivo XML
[2024-03-03 15:13:25] Error al buscar el nombre del archivo XML
[2024-03-03 15:13:58] Error al buscar el nombre del archivo XML
[2024-03-03 15:25:46] Error al canjear monedas
[2024-03-03 15:33:02] Error al buscar el nombre del archivo XML
[2024-03-03 15:38:12] Error al buscar el nombre del archivo XML
[2024-03-03 15:38:21] Error al buscar el nombre del archivo XML
[2024-03-03 15:43:27] Error al canjear comida
[2024-03-03 18:03:29] Error en el proceso principal
[2024-03-03 18:03:29] Error al cerrar transcripcion
[2024-03-03 18:03:29] Error al cerrar log
[2024-03-03 19:27:28] Error al buscar el nombre del archivo XML
[2024-03-03 19:27:28] Error al buscar el nombre del archivo XML
[2024-03-03 19:27:28] Error al buscar el nombre del archivo XML
[2024-03-03 19:27:28] Error al buscar el nombre del archivo XML
[2024-03-03 19:27:47] Error al buscar el nombre del archivo XML
[2024-03-03 19:27:47] Error al buscar el nombre del archivo XML
[2024-03-03 19:34:58] Error al buscar el nombre del archivo XML
[2024-03-03 19:34:58] Error al buscar el nombre del archivo XML
[2024-03-03 19:35:19] Error al buscar el nombre del archivo XML
[2024-03-03 19:35:19] Error al buscar el nombre del archivo XML
[2024-03-03 19:35:48] Error al buscar el nombre del archivo XML
[2024-03-03 19:35:48] Error al buscar el nombre del archivo XML
[2024-03-03 19:37:53] Error al buscar el nombre del archivo XML
[2024-03-03 19:38:00] Error al buscar el nombre del archivo XML
[2024-03-03 19:38:24] Error al buscar el nombre del archivo XML
