[2024-03-01 20:43:39] Inicio de la simulación a
[2024-03-01 20:43:39] Piscifactoría inicial: a
[2024-03-01 20:43:39] Sistema guardado
[2024-03-01 20:43:40] Sistema guardado
[2024-03-01 20:43:40] Cierre de la partida.
[2024-03-02 02:20:03] Sistema cargado
[2024-03-02 02:20:06] Recompensa creada
[2024-03-02 02:51:59] Sistema cargado
[2024-03-02 02:52:43] Sistema cargado
[2024-03-02 02:54:16] Sistema cargado
[2024-03-02 02:55:01] Sistema cargado
[2024-03-02 02:57:05] Sistema cargado
[2024-03-02 02:57:07] Recompensa creada
[2024-03-02 02:57:07] Recompensa creada
[2024-03-02 02:57:07] Recompensa creada
[2024-03-02 02:57:07] Recompensa creada
[2024-03-02 02:57:07] Recompensa creada
[2024-03-02 02:57:07] Recompensa creada
[2024-03-02 02:57:07] Recompensa creada
[2024-03-02 02:58:37] Sistema cargado
[2024-03-02 02:58:39] Recompensa creada
[2024-03-02 02:58:39] Recompensa creada
[2024-03-02 02:58:39] Recompensa creada
[2024-03-02 02:58:39] Recompensa creada
[2024-03-02 02:58:39] Recompensa creada
[2024-03-02 02:58:39] Recompensa creada
[2024-03-02 02:58:39] Recompensa creada
[2024-03-02 17:37:22] Sistema cargado
[2024-03-02 17:53:07] Sistema cargado
[2024-03-02 20:31:11] Sistema cargado
[2024-03-02 22:10:02] Sistema cargado
[2024-03-02 22:34:07] Sistema cargado
[2024-03-02 22:34:11] Fin del dia 0
[2024-03-02 22:34:11] Sistema guardado
[2024-03-02 22:34:18] Añadidos peces mediante la opción oculta
[2024-03-02 22:34:20] Fin del dia 1
[2024-03-02 22:34:20] Sistema guardado
[2024-03-02 22:34:22] Sistema guardado
[2024-03-02 22:34:22] Cierre de la partida.
[2024-03-02 22:34:25] Sistema cargado
[2024-03-02 22:34:39] Sistema guardado
[2024-03-02 22:34:39] Cierre de la partida.
[2024-03-02 22:51:41] Sistema cargado
[2024-03-02 22:52:46] Sistema cargado
[2024-03-02 22:53:57] Sistema guardado
[2024-03-02 22:53:57] Cierre de la partida.
[2024-03-03 15:05:01] Sistema cargado
[2024-03-03 15:05:55] Sistema guardado
[2024-03-03 15:05:55] Cierre de la partida.
[2024-03-03 15:07:43] Sistema cargado
[2024-03-03 15:07:55] Sistema guardado
[2024-03-03 15:07:55] Cierre de la partida.
[2024-03-03 15:08:14] Sistema cargado
[2024-03-03 15:09:30] Sistema cargado
[2024-03-03 15:12:55] Sistema cargado
[2024-03-03 15:13:54] Sistema cargado
[2024-03-03 15:14:52] Sistema cargado
[2024-03-03 15:21:17] Sistema cargado
[2024-03-03 15:21:20] Recompensa creada
[2024-03-03 15:21:40] Sistema cargado
[2024-03-03 15:21:46] Recompensa creada
[2024-03-03 15:22:38] Sistema cargado
[2024-03-03 15:25:33] Recompensa creada
[2024-03-03 15:29:46] Sistema cargado
[2024-03-03 15:32:04] Sistema cargado
[2024-03-03 15:32:57] Sistema cargado
[2024-03-03 15:33:33] Sistema cargado
[2024-03-03 15:34:20] Sistema cargado
[2024-03-03 15:36:22] Sistema cargado
[2024-03-03 15:36:36] Recompensa creada
[2024-03-03 15:37:07] Recompensa creada
[2024-03-03 15:38:07] Sistema cargado
[2024-03-03 15:38:41] Sistema cargado
[2024-03-03 15:40:48] Sistema cargado
[2024-03-03 15:40:53] Recompensa creada
[2024-03-03 15:41:07] Recompensa creada
[2024-03-03 15:43:25] Sistema cargado
[2024-03-03 15:43:27] Recompensa creada
[2024-03-03 15:43:27] Recompensa creada
[2024-03-03 15:43:27] Recompensa creada
[2024-03-03 15:43:27] Recompensa creada
[2024-03-03 15:43:27] Recompensa creada
[2024-03-03 15:43:27] Recompensa creada
[2024-03-03 15:43:27] Recompensa creada
[2024-03-03 15:52:41] Sistema cargado
[2024-03-03 15:52:47] Recompensa creada
[2024-03-03 15:52:56] Sistema guardado
[2024-03-03 15:52:56] Cierre de la partida.
[2024-03-03 15:55:15] Sistema cargado
[2024-03-03 15:56:24] Sistema cargado
